Usage: celery [OPTIONS] COMMAND [ARGS]...
Try 'celery --help' for help.

Error: 
Unable to load celery application.
While trying to load the module celery_app the following error occurred:
Traceback (most recent call last):
  File "/Users/mac/Documents/Argus-/argus-workers/venv/lib/python3.14/site-packages/celery/bin/celery.py", line 137, in celery
    app = find_app(app)
  File "/Users/mac/Documents/Argus-/argus-workers/venv/lib/python3.14/site-packages/celery/app/utils.py", line 383, in find_app
    sym = symbol_by_name(app, imp=imp)
  File "/Users/mac/Documents/Argus-/argus-workers/venv/lib/python3.14/site-packages/kombu/utils/imports.py", line 59, in symbol_by_name
    module = imp(module_name, package=package, **kwargs)
  File "/Users/mac/Documents/Argus-/argus-workers/venv/lib/python3.14/site-packages/celery/utils/imports.py", line 105, in import_from_cwd
    return imp(module, package=package)
  File "/usr/local/Cellar/python@3.14/3.14.4/Frameworks/Python.framework/Versions/3.14/lib/python3.14/importlib/__init__.py", line 88, in import_module
    return _bootstrap._gcd_import(name[level:], package, level)
           ~~~~~~~~~~~~~~~~~~~~~~^^^^^^^^^^^^^^^^^^^^^^^^^^^^^^
  File "<frozen importlib._bootstrap>", line 1406, in _gcd_import
  File "<frozen importlib._bootstrap>", line 1371, in _find_and_load
  File "<frozen importlib._bootstrap>", line 1342, in _find_and_load_unlocked
  File "<frozen importlib._bootstrap>", line 938, in _load_unlocked
  File "<frozen importlib._bootstrap_external>", line 759, in exec_module
  File "<frozen importlib._bootstrap>", line 491, in _call_with_frames_removed
  File "/Users/mac/Documents/Argus-/argus-workers/celery_app.py", line 11, in <module>
    from dotenv import load_dotenv
ModuleNotFoundError: No module named 'dotenv'

